<?xml version="1.0" encoding="UTF-8"?>
<testsuite name="com.github.francoisdorval.asteroidapi.unit.NasaDaoMockTest" tests="2" skipped="0" failures="0" errors="0" timestamp="2021-02-25T09:50:34" hostname="DESKTOP-9J2SIQ2" time="0.28">
  <properties/>
  <testcase name="test_Dao_Returns_Correct_Number_Of_Objects()" classname="com.github.francoisdorval.asteroidapi.unit.NasaDaoMockTest" time="0.252"/>
  <testcase name="test_Dao_Returns_Correct_Object()" classname="com.github.francoisdorval.asteroidapi.unit.NasaDaoMockTest" time="0.027"/>
  <system-out><![CDATA[2021-02-25 10:50:32.525  INFO 27364 --- [    Test worker] .b.t.c.SpringBootTestContextBootstrapper : Neither @ContextConfiguration nor @ContextHierarchy found for test class [com.github.francoisdorval.asteroidapi.unit.NasaDaoMockTest], using SpringBootContextLoader
2021-02-25 10:50:32.525  INFO 27364 --- [    Test worker] o.s.t.c.support.AbstractContextLoader    : Could not detect default resource locations for test class [com.github.francoisdorval.asteroidapi.unit.NasaDaoMockTest]: no resource found for suffixes {-context.xml, Context.groovy}.
2021-02-25 10:50:32.525  INFO 27364 --- [    Test worker] t.c.s.AnnotationConfigContextLoaderUtils : Could not detect default configuration classes for test class [com.github.francoisdorval.asteroidapi.unit.NasaDaoMockTest]: NasaDaoMockTest does not declare any static, non-private, non-final, nested classes annotated with @Configuration.
2021-02-25 10:50:32.538  INFO 27364 --- [    Test worker] .b.t.c.SpringBootTestContextBootstrapper : Found @SpringBootConfiguration com.github.francoisdorval.asteroidapi.AsteroidApiApplication for test class com.github.francoisdorval.asteroidapi.unit.NasaDaoMockTest
2021-02-25 10:50:32.538  INFO 27364 --- [    Test worker] .b.t.c.SpringBootTestContextBootstrapper : Loaded default TestExecutionListener class names from location [META-INF/spring.factories]: [org.springframework.boot.test.autoconfigure.restdocs.RestDocsTestExecutionListener, org.springframework.boot.test.autoconfigure.web.client.MockRestServiceServerResetTestExecutionListener, org.springframework.boot.test.autoconfigure.web.servlet.MockMvcPrintOnlyOnFailureTestExecutionListener, org.springframework.boot.test.autoconfigure.web.servlet.WebDriverTestExecutionListener, org.springframework.boot.test.autoconfigure.webservices.client.MockWebServiceServerTestExecutionListener, org.springframework.boot.test.mock.mockito.MockitoTestExecutionListener, org.springframework.boot.test.mock.mockito.ResetMocksTestExecutionListener, org.springframework.test.context.web.ServletTestExecutionListener, org.springframework.test.context.support.DirtiesContextBeforeModesTestExecutionListener, org.springframework.test.context.event.ApplicationEventsTestExecutionListener, org.springframework.test.context.support.DependencyInjectionTestExecutionListener, org.springframework.test.context.support.DirtiesContextTestExecutionListener, org.springframework.test.context.transaction.TransactionalTestExecutionListener, org.springframework.test.context.jdbc.SqlScriptsTestExecutionListener, org.springframework.test.context.event.EventPublishingTestExecutionListener]
2021-02-25 10:50:32.546  INFO 27364 --- [    Test worker] .b.t.c.SpringBootTestContextBootstrapper : Using TestExecutionListeners: [org.springframework.test.context.web.ServletTestExecutionListener@e57b28e, org.springframework.test.context.support.DirtiesContextBeforeModesTestExecutionListener@36839647, org.springframework.test.context.event.ApplicationEventsTestExecutionListener@69d238c9, org.springframework.boot.test.mock.mockito.MockitoTestExecutionListener@2b6b02b7, org.springframework.boot.test.autoconfigure.SpringBootDependencyInjectionTestExecutionListener@189b0696, org.springframework.test.context.support.DirtiesContextTestExecutionListener@32809a6c, org.springframework.test.context.event.EventPublishingTestExecutionListener@4aecf885, org.springframework.boot.test.autoconfigure.restdocs.RestDocsTestExecutionListener@39e135d5, org.springframework.boot.test.autoconfigure.web.client.MockRestServiceServerResetTestExecutionListener@798e2bc9, org.springframework.boot.test.autoconfigure.web.servlet.MockMvcPrintOnlyOnFailureTestExecutionListener@4feb9d6e, org.springframework.boot.test.autoconfigure.web.servlet.WebDriverTestExecutionListener@62ee7cc6, org.springframework.boot.test.autoconfigure.webservices.client.MockWebServiceServerTestExecutionListener@5291b2d3, org.springframework.boot.test.mock.mockito.ResetMocksTestExecutionListener@5ac91b2b]

  .   ____          _            __ _ _
 /\\ / ___'_ __ _ _(_)_ __  __ _ \ \ \ \
( ( )\___ | '_ | '_| | '_ \/ _` | \ \ \ \
 \\/  ___)| |_)| | | | | || (_| |  ) ) ) )
  '  |____| .__|_| |_|_| |_\__, | / / / /
 =========|_|==============|___/=/_/_/_/
 :: Spring Boot ::                (v2.4.2)

2021-02-25 10:50:32.578  INFO 27364 --- [    Test worker] c.g.f.asteroidapi.unit.NasaDaoMockTest   : Starting NasaDaoMockTest using Java 9.0.1 on DESKTOP-9J2SIQ2 with PID 27364 (started by g-jam in C:\PEX\asteroid-api)
2021-02-25 10:50:32.578  INFO 27364 --- [    Test worker] c.g.f.asteroidapi.unit.NasaDaoMockTest   : No active profile set, falling back to default profiles: default
2021-02-25 10:50:33.940  INFO 27364 --- [    Test worker] o.s.s.concurrent.ThreadPoolTaskExecutor  : Initializing ExecutorService 'applicationTaskExecutor'
2021-02-25 10:50:34.007  INFO 27364 --- [    Test worker] o.s.b.a.w.s.WelcomePageHandlerMapping    : Adding welcome page: class path resource [static/index.html]
2021-02-25 10:50:34.834  INFO 27364 --- [    Test worker] c.g.f.asteroidapi.unit.NasaDaoMockTest   : Started NasaDaoMockTest in 2.283 seconds (JVM running for 20.486)
]]></system-out>
  <system-err><![CDATA[]]></system-err>
</testsuite>
