<?xml version="1.0" encoding="UTF-8"?>
<testsuite name="com.github.francoisdorval.asteroidapi.AsteroidApiApplicationTests" tests="1" skipped="0" failures="0" errors="0" timestamp="2021-02-25T09:50:32" hostname="DESKTOP-9J2SIQ2" time="0.007">
  <properties/>
  <testcase name="contextLoads()" classname="com.github.francoisdorval.asteroidapi.AsteroidApiApplicationTests" time="0.007"/>
  <system-out><![CDATA[2021-02-25 10:50:30.602  INFO 27364 --- [    Test worker] .b.t.c.SpringBootTestContextBootstrapper : Neither @ContextConfiguration nor @ContextHierarchy found for test class [com.github.francoisdorval.asteroidapi.AsteroidApiApplicationTests], using SpringBootContextLoader
2021-02-25 10:50:30.602  INFO 27364 --- [    Test worker] o.s.t.c.support.AbstractContextLoader    : Could not detect default resource locations for test class [com.github.francoisdorval.asteroidapi.AsteroidApiApplicationTests]: no resource found for suffixes {-context.xml, Context.groovy}.
2021-02-25 10:50:30.602  INFO 27364 --- [    Test worker] t.c.s.AnnotationConfigContextLoaderUtils : Could not detect default configuration classes for test class [com.github.francoisdorval.asteroidapi.AsteroidApiApplicationTests]: AsteroidApiApplicationTests does not declare any static, non-private, non-final, nested classes annotated with @Configuration.
2021-02-25 10:50:30.618  INFO 27364 --- [    Test worker] .b.t.c.SpringBootTestContextBootstrapper : Found @SpringBootConfiguration com.github.francoisdorval.asteroidapi.AsteroidApiApplication for test class com.github.francoisdorval.asteroidapi.AsteroidApiApplicationTests
2021-02-25 10:50:30.618  INFO 27364 --- [    Test worker] .b.t.c.SpringBootTestContextBootstrapper : Loaded default TestExecutionListener class names from location [META-INF/spring.factories]: [org.springframework.boot.test.autoconfigure.restdocs.RestDocsTestExecutionListener, org.springframework.boot.test.autoconfigure.web.client.MockRestServiceServerResetTestExecutionListener, org.springframework.boot.test.autoconfigure.web.servlet.MockMvcPrintOnlyOnFailureTestExecutionListener, org.springframework.boot.test.autoconfigure.web.servlet.WebDriverTestExecutionListener, org.springframework.boot.test.autoconfigure.webservices.client.MockWebServiceServerTestExecutionListener, org.springframework.boot.test.mock.mockito.MockitoTestExecutionListener, org.springframework.boot.test.mock.mockito.ResetMocksTestExecutionListener, org.springframework.test.context.web.ServletTestExecutionListener, org.springframework.test.context.support.DirtiesContextBeforeModesTestExecutionListener, org.springframework.test.context.event.ApplicationEventsTestExecutionListener, org.springframework.test.context.support.DependencyInjectionTestExecutionListener, org.springframework.test.context.support.DirtiesContextTestExecutionListener, org.springframework.test.context.transaction.TransactionalTestExecutionListener, org.springframework.test.context.jdbc.SqlScriptsTestExecutionListener, org.springframework.test.context.event.EventPublishingTestExecutionListener]
2021-02-25 10:50:30.618  INFO 27364 --- [    Test worker] .b.t.c.SpringBootTestContextBootstrapper : Using TestExecutionListeners: [org.springframework.test.context.web.ServletTestExecutionListener@14b3dca1, org.springframework.test.context.support.DirtiesContextBeforeModesTestExecutionListener@7ed9169a, org.springframework.test.context.event.ApplicationEventsTestExecutionListener@6e619bfd, org.springframework.boot.test.mock.mockito.MockitoTestExecutionListener@37331751, org.springframework.boot.test.autoconfigure.SpringBootDependencyInjectionTestExecutionListener@3d6f93c2, org.springframework.test.context.support.DirtiesContextTestExecutionListener@bb43f33, org.springframework.test.context.event.EventPublishingTestExecutionListener@6968e3cb, org.springframework.boot.test.autoconfigure.restdocs.RestDocsTestExecutionListener@464ee828, org.springframework.boot.test.autoconfigure.web.client.MockRestServiceServerResetTestExecutionListener@7fe92a0, org.springframework.boot.test.autoconfigure.web.servlet.MockMvcPrintOnlyOnFailureTestExecutionListener@2d9978cb, org.springframework.boot.test.autoconfigure.web.servlet.WebDriverTestExecutionListener@341b008, org.springframework.boot.test.autoconfigure.webservices.client.MockWebServiceServerTestExecutionListener@327f07e0, org.springframework.boot.test.mock.mockito.ResetMocksTestExecutionListener@41e7e89d]

  .   ____          _            __ _ _
 /\\ / ___'_ __ _ _(_)_ __  __ _ \ \ \ \
( ( )\___ | '_ | '_| | '_ \/ _` | \ \ \ \
 \\/  ___)| |_)| | | | | || (_| |  ) ) ) )
  '  |____| .__|_| |_|_| |_\__, | / / / /
 =========|_|==============|___/=/_/_/_/
 :: Spring Boot ::                (v2.4.2)

2021-02-25 10:50:30.703  INFO 27364 --- [    Test worker] c.g.f.a.AsteroidApiApplicationTests      : Starting AsteroidApiApplicationTests using Java 9.0.1 on DESKTOP-9J2SIQ2 with PID 27364 (started by g-jam in C:\PEX\asteroid-api)
2021-02-25 10:50:30.703  INFO 27364 --- [    Test worker] c.g.f.a.AsteroidApiApplicationTests      : No active profile set, falling back to default profiles: default
2021-02-25 10:50:31.504  INFO 27364 --- [    Test worker] o.s.s.concurrent.ThreadPoolTaskExecutor  : Initializing ExecutorService 'applicationTaskExecutor'
2021-02-25 10:50:31.556  INFO 27364 --- [    Test worker] o.s.b.a.w.s.WelcomePageHandlerMapping    : Adding welcome page: class path resource [static/index.html]
2021-02-25 10:50:32.475  INFO 27364 --- [    Test worker] c.g.f.a.AsteroidApiApplicationTests      : Started AsteroidApiApplicationTests in 1.825 seconds (JVM running for 18.126)
]]></system-out>
  <system-err><![CDATA[]]></system-err>
</testsuite>
