<?xml version="1.0" encoding="UTF-8"?>
<testsuite name="com.github.francoisdorval.asteroidapi.component.ComponentTest" tests="1" skipped="0" failures="0" errors="0" timestamp="2021-02-25T09:50:28" hostname="DESKTOP-9J2SIQ2" time="1.672">
  <properties/>
  <testcase name="test_Get_Asteroids()" classname="com.github.francoisdorval.asteroidapi.component.ComponentTest" time="1.672"/>
  <system-out><![CDATA[10:50:17.443 [Test worker] DEBUG org.springframework.test.context.BootstrapUtils - Instantiating CacheAwareContextLoaderDelegate from class [org.springframework.test.context.cache.DefaultCacheAwareContextLoaderDelegate]
10:50:17.540 [Test worker] DEBUG org.springframework.test.context.BootstrapUtils - Instantiating BootstrapContext using constructor [public org.springframework.test.context.support.DefaultBootstrapContext(java.lang.Class,org.springframework.test.context.CacheAwareContextLoaderDelegate)]
10:50:17.711 [Test worker] DEBUG org.springframework.test.context.BootstrapUtils - Instantiating TestContextBootstrapper for test class [com.github.francoisdorval.asteroidapi.component.ComponentTest] from class [org.springframework.boot.test.context.SpringBootTestContextBootstrapper]
10:50:17.762 [Test worker] INFO org.springframework.boot.test.context.SpringBootTestContextBootstrapper - Neither @ContextConfiguration nor @ContextHierarchy found for test class [com.github.francoisdorval.asteroidapi.component.ComponentTest], using SpringBootContextLoader
10:50:17.782 [Test worker] DEBUG org.springframework.test.context.support.AbstractContextLoader - Did not detect default resource location for test class [com.github.francoisdorval.asteroidapi.component.ComponentTest]: class path resource [com/github/francoisdorval/asteroidapi/component/ComponentTest-context.xml] does not exist
10:50:17.782 [Test worker] DEBUG org.springframework.test.context.support.AbstractContextLoader - Did not detect default resource location for test class [com.github.francoisdorval.asteroidapi.component.ComponentTest]: class path resource [com/github/francoisdorval/asteroidapi/component/ComponentTestContext.groovy] does not exist
10:50:17.782 [Test worker] INFO org.springframework.test.context.support.AbstractContextLoader - Could not detect default resource locations for test class [com.github.francoisdorval.asteroidapi.component.ComponentTest]: no resource found for suffixes {-context.xml, Context.groovy}.
10:50:17.782 [Test worker] INFO org.springframework.test.context.support.AnnotationConfigContextLoaderUtils - Could not detect default configuration classes for test class [com.github.francoisdorval.asteroidapi.component.ComponentTest]: ComponentTest does not declare any static, non-private, non-final, nested classes annotated with @Configuration.
10:50:18.273 [Test worker] DEBUG org.springframework.context.annotation.ClassPathScanningCandidateComponentProvider - Identified candidate component class: file [C:\PEX\asteroid-api\build\classes\java\main\com\github\francoisdorval\asteroidapi\AsteroidApiApplication.class]
10:50:18.275 [Test worker] INFO org.springframework.boot.test.context.SpringBootTestContextBootstrapper - Found @SpringBootConfiguration com.github.francoisdorval.asteroidapi.AsteroidApiApplication for test class com.github.francoisdorval.asteroidapi.component.ComponentTest
10:50:19.054 [Test worker] DEBUG org.springframework.boot.test.context.SpringBootTestContextBootstrapper - @TestExecutionListeners is not present for class [com.github.francoisdorval.asteroidapi.component.ComponentTest]: using defaults.
10:50:19.054 [Test worker] INFO org.springframework.boot.test.context.SpringBootTestContextBootstrapper - Loaded default TestExecutionListener class names from location [META-INF/spring.factories]: [org.springframework.boot.test.autoconfigure.restdocs.RestDocsTestExecutionListener, org.springframework.boot.test.autoconfigure.web.client.MockRestServiceServerResetTestExecutionListener, org.springframework.boot.test.autoconfigure.web.servlet.MockMvcPrintOnlyOnFailureTestExecutionListener, org.springframework.boot.test.autoconfigure.web.servlet.WebDriverTestExecutionListener, org.springframework.boot.test.autoconfigure.webservices.client.MockWebServiceServerTestExecutionListener, org.springframework.boot.test.mock.mockito.MockitoTestExecutionListener, org.springframework.boot.test.mock.mockito.ResetMocksTestExecutionListener, org.springframework.test.context.web.ServletTestExecutionListener, org.springframework.test.context.support.DirtiesContextBeforeModesTestExecutionListener, org.springframework.test.context.event.ApplicationEventsTestExecutionListener, org.springframework.test.context.support.DependencyInjectionTestExecutionListener, org.springframework.test.context.support.DirtiesContextTestExecutionListener, org.springframework.test.context.transaction.TransactionalTestExecutionListener, org.springframework.test.context.jdbc.SqlScriptsTestExecutionListener, org.springframework.test.context.event.EventPublishingTestExecutionListener]
10:50:19.125 [Test worker] DEBUG org.springframework.boot.test.context.SpringBootTestContextBootstrapper - Skipping candidate TestExecutionListener [org.springframework.test.context.transaction.TransactionalTestExecutionListener] due to a missing dependency. Specify custom listener classes or make the default listener classes and their required dependencies available. Offending class: [org/springframework/transaction/interceptor/TransactionAttributeSource]
10:50:19.125 [Test worker] DEBUG org.springframework.boot.test.context.SpringBootTestContextBootstrapper - Skipping candidate TestExecutionListener [org.springframework.test.context.jdbc.SqlScriptsTestExecutionListener] due to a missing dependency. Specify custom listener classes or make the default listener classes and their required dependencies available. Offending class: [org/springframework/transaction/interceptor/TransactionAttribute]
10:50:19.125 [Test worker] INFO org.springframework.boot.test.context.SpringBootTestContextBootstrapper - Using TestExecutionListeners: [org.springframework.test.context.web.ServletTestExecutionListener@26c968bb, org.springframework.test.context.support.DirtiesContextBeforeModesTestExecutionListener@63ffc221, org.springframework.test.context.event.ApplicationEventsTestExecutionListener@36e513de, org.springframework.boot.test.mock.mockito.MockitoTestExecutionListener@412ce5a0, org.springframework.boot.test.autoconfigure.SpringBootDependencyInjectionTestExecutionListener@2c4dc18e, org.springframework.test.context.support.DirtiesContextTestExecutionListener@31bee0ec, org.springframework.test.context.event.EventPublishingTestExecutionListener@2fdb7ee6, org.springframework.boot.test.autoconfigure.restdocs.RestDocsTestExecutionListener@97c9f58, org.springframework.boot.test.autoconfigure.web.client.MockRestServiceServerResetTestExecutionListener@4b7f7e48, org.springframework.boot.test.autoconfigure.web.servlet.MockMvcPrintOnlyOnFailureTestExecutionListener@d005e4b, org.springframework.boot.test.autoconfigure.web.servlet.WebDriverTestExecutionListener@79d83d43, org.springframework.boot.test.autoconfigure.webservices.client.MockWebServiceServerTestExecutionListener@1433fb7f, org.springframework.boot.test.mock.mockito.ResetMocksTestExecutionListener@248e5a8f]
10:50:19.145 [Test worker] DEBUG org.springframework.test.context.support.AbstractDirtiesContextTestExecutionListener - Before test class: context [DefaultTestContext@c10711a testClass = ComponentTest, testInstance = [null], testMethod = [null], testException = [null], mergedContextConfiguration = [WebMergedContextConfiguration@e2d5994 testClass = ComponentTest, locations = '{}', classes = '{class com.github.francoisdorval.asteroidapi.AsteroidApiApplication}', contextInitializerClasses = '[]', activeProfiles = '{mock}', propertySourceLocations = '{}', propertySourceProperties = '{org.springframework.boot.test.context.SpringBootTestContextBootstrapper=true, server.port=0}', contextCustomizers = set[org.springframework.boot.test.autoconfigure.actuate.metrics.MetricsExportContextCustomizerFactory$DisableMetricExportContextCustomizer@4bf0895d, org.springframework.boot.test.autoconfigure.properties.PropertyMappingContextCustomizer@0, org.springframework.boot.test.autoconfigure.web.servlet.WebDriverContextCustomizerFactory$Customizer@7457650f, org.springframework.boot.test.context.filter.ExcludeFilterContextCustomizer@6193160b, org.springframework.boot.test.json.DuplicateJsonObjectContextCustomizerFactory$DuplicateJsonObjectContextCustomizer@46194e88, org.springframework.boot.test.mock.mockito.MockitoContextCustomizer@0, org.springframework.boot.test.web.client.TestRestTemplateContextCustomizer@1d826b01, org.springframework.boot.test.context.SpringBootTestArgs@1, org.springframework.boot.test.context.SpringBootTestWebEnvironment@5cea0abd], resourceBasePath = 'src/main/webapp', contextLoader = 'org.springframework.boot.test.context.SpringBootContextLoader', parent = [null]], attributes = map['org.springframework.test.context.web.ServletTestExecutionListener.activateListener' -> false]], class annotated with @DirtiesContext [false] with mode [null].
10:50:19.196 [Test worker] DEBUG org.springframework.test.context.support.DependencyInjectionTestExecutionListener - Performing dependency injection for test context [[DefaultTestContext@c10711a testClass = ComponentTest, testInstance = com.github.francoisdorval.asteroidapi.component.ComponentTest@3d5e5e1d, testMethod = [null], testException = [null], mergedContextConfiguration = [WebMergedContextConfiguration@e2d5994 testClass = ComponentTest, locations = '{}', classes = '{class com.github.francoisdorval.asteroidapi.AsteroidApiApplication}', contextInitializerClasses = '[]', activeProfiles = '{mock}', propertySourceLocations = '{}', propertySourceProperties = '{org.springframework.boot.test.context.SpringBootTestContextBootstrapper=true, server.port=0}', contextCustomizers = set[org.springframework.boot.test.autoconfigure.actuate.metrics.MetricsExportContextCustomizerFactory$DisableMetricExportContextCustomizer@4bf0895d, org.springframework.boot.test.autoconfigure.properties.PropertyMappingContextCustomizer@0, org.springframework.boot.test.autoconfigure.web.servlet.WebDriverContextCustomizerFactory$Customizer@7457650f, org.springframework.boot.test.context.filter.ExcludeFilterContextCustomizer@6193160b, org.springframework.boot.test.json.DuplicateJsonObjectContextCustomizerFactory$DuplicateJsonObjectContextCustomizer@46194e88, org.springframework.boot.test.mock.mockito.MockitoContextCustomizer@0, org.springframework.boot.test.web.client.TestRestTemplateContextCustomizer@1d826b01, org.springframework.boot.test.context.SpringBootTestArgs@1, org.springframework.boot.test.context.SpringBootTestWebEnvironment@5cea0abd], resourceBasePath = 'src/main/webapp', contextLoader = 'org.springframework.boot.test.context.SpringBootContextLoader', parent = [null]], attributes = map['org.springframework.test.context.web.ServletTestExecutionListener.activateListener' -> false, 'org.springframework.test.context.event.ApplicationEventsTestExecutionListener.recordApplicationEvents' -> false]]].
10:50:19.355 [Test worker] DEBUG org.springframework.core.env.StandardEnvironment - Activating profiles [mock]
10:50:19.397 [Test worker] DEBUG org.springframework.test.context.support.TestPropertySourceUtils - Adding inlined properties to environment: {spring.jmx.enabled=false, org.springframework.boot.test.context.SpringBootTestContextBootstrapper=true, server.port=0}

  .   ____          _            __ _ _
 /\\ / ___'_ __ _ _(_)_ __  __ _ \ \ \ \
( ( )\___ | '_ | '_| | '_ \/ _` | \ \ \ \
 \\/  ___)| |_)| | | | | || (_| |  ) ) ) )
  '  |____| .__|_| |_|_| |_\__, | / / / /
 =========|_|==============|___/=/_/_/_/
 :: Spring Boot ::                (v2.4.2)

2021-02-25 10:50:20.802  INFO 27364 --- [    Test worker] c.g.f.a.component.ComponentTest          : Starting ComponentTest using Java 9.0.1 on DESKTOP-9J2SIQ2 with PID 27364 (started by g-jam in C:\PEX\asteroid-api)
2021-02-25 10:50:20.812  INFO 27364 --- [    Test worker] c.g.f.a.component.ComponentTest          : The following profiles are active: mock
2021-02-25 10:50:24.830  INFO 27364 --- [    Test worker] o.s.b.w.embedded.tomcat.TomcatWebServer  : Tomcat initialized with port(s): 0 (http)
2021-02-25 10:50:24.868  INFO 27364 --- [    Test worker] o.apache.catalina.core.StandardService   : Starting service [Tomcat]
2021-02-25 10:50:24.868  INFO 27364 --- [    Test worker] org.apache.catalina.core.StandardEngine  : Starting Servlet engine: [Apache Tomcat/9.0.41]
2021-02-25 10:50:25.152  INFO 27364 --- [    Test worker] o.a.c.c.C.[Tomcat].[localhost].[/]       : Initializing Spring embedded WebApplicationContext
2021-02-25 10:50:25.152  INFO 27364 --- [    Test worker] w.s.c.ServletWebServerApplicationContext : Root WebApplicationContext: initialization completed in 3107 ms
2021-02-25 10:50:26.069  INFO 27364 --- [    Test worker] o.s.s.concurrent.ThreadPoolTaskExecutor  : Initializing ExecutorService 'applicationTaskExecutor'
2021-02-25 10:50:26.535  INFO 27364 --- [    Test worker] o.s.b.a.w.s.WelcomePageHandlerMapping    : Adding welcome page: class path resource [static/index.html]
2021-02-25 10:50:28.881  INFO 27364 --- [    Test worker] o.s.b.w.embedded.tomcat.TomcatWebServer  : Tomcat started on port(s): 53361 (http) with context path ''
2021-02-25 10:50:28.911  INFO 27364 --- [    Test worker] c.g.f.a.component.ComponentTest          : Started ComponentTest in 9.504 seconds (JVM running for 14.568)
2021-02-25 10:50:30.179  INFO 27364 --- [o-auto-1-exec-1] o.a.c.c.C.[Tomcat].[localhost].[/]       : Initializing Spring DispatcherServlet 'dispatcherServlet'
2021-02-25 10:50:30.179  INFO 27364 --- [o-auto-1-exec-1] o.s.web.servlet.DispatcherServlet        : Initializing Servlet 'dispatcherServlet'
2021-02-25 10:50:30.179  INFO 27364 --- [o-auto-1-exec-1] o.s.web.servlet.DispatcherServlet        : Completed initialization in 0 ms
2021-02-25 10:50:30.402  INFO 27364 --- [    Test worker] c.g.f.a.component.ComponentTest          : result : [{"id":"1","name":"Asteromachin","distanceKilometers":100000.2225},{"id":"2","name":"Asterotruc","distanceKilometers":1234.01},{"id":"3","name":"ʻOumuamua","distanceKilometers":4946111.01}]
]]></system-out>
  <system-err><![CDATA[]]></system-err>
</testsuite>
